Using pre-set license

 COMMAND LINE ARGUMENTS:
/Applications/Unity/Hub/Editor/2020.3.0f1/Unity.app/Contents/MacOS/Unity
-adb2
-batchMode
-noUpm
-name
AssetImportWorker0
-projectPath
/Users/fumi/Desktop/MyUnityProjects/MyBallGame
-logFile
Logs/AssetImportWorker0.log
-srvPort
52733
Successfully changed project path to: /Users/fumi/Desktop/MyUnityProjects/MyBallGame
/Users/fumi/Desktop/MyUnityProjects/MyBallGame
Using Asset Import Pipeline V2.
Refreshing native plugins compatible for Editor in 25.48 ms, found 1 plugins.
Preloading 0 native plugins for Editor in 0.00 ms.
Initialize engine version: 2020.3.0f1 (c7b5465681fb)
[Subsystems] Discovering subsystems at path /Applications/Unity/Hub/Editor/2020.3.0f1/Unity.app/Contents/Resources/UnitySubsystems
[Subsystems] Discovering subsystems at path /Users/fumi/Desktop/MyUnityProjects/MyBallGame/Assets
GfxDevice: creating device client; threaded=0
2021-03-20 22:20:10.010 Unity[3394:184497] Color LCD preferred device: Intel(R) Iris(TM) Plus Graphics 650 (low power)
2021-03-20 22:20:10.011 Unity[3394:184497] Metal devices available: 1
2021-03-20 22:20:10.011 Unity[3394:184497] 0: Intel(R) Iris(TM) Plus Graphics 650 (low power)
2021-03-20 22:20:10.011 Unity[3394:184497] Using device Intel(R) Iris(TM) Plus Graphics 650 (low power)
Initializing Metal device caps: Intel(R) Iris(TM) Plus Graphics 650
Initialize mono
Mono path[0] = '/Applications/Unity/Hub/Editor/2020.3.0f1/Unity.app/Contents/Managed'
Mono path[1] = '/Applications/Unity/Hub/Editor/2020.3.0f1/Unity.app/Contents/MonoBleedingEdge/lib/mono/unityjit'
Mono config path = '/Applications/Unity/Hub/Editor/2020.3.0f1/Unity.app/Contents/MonoBleedingEdge/etc'
Using monoOptions --debugger-agent=transport=dt_socket,embedding=1,server=y,suspend=n,address=127.0.0.1:56394
Begin MonoManager ReloadAssembly
Registering precompiled unity dll's ...
Register platform support module: /Applications/Unity/Hub/Editor/2020.3.0f1/PlaybackEngines/WebGLSupport/UnityEditor.WebGL.Extensions.dll
Register platform support module: /Applications/Unity/Hub/Editor/2020.3.0f1/Unity.app/Contents/PlaybackEngines/MacStandaloneSupport/UnityEditor.OSXStandalone.Extensions.dll
Registered in 0.000920 seconds.
Native extension for OSXStandalone target not found
Native extension for WebGL target not found
Refreshing native plugins compatible for Editor in 31.06 ms, found 1 plugins.
Preloading 0 native plugins for Editor in 0.00 ms.
Invoked RoslynAnalysisRunner static constructor.
RoslynAnalysisRunner will not be running.
RoslynAnalysisRunner has terminated.
Mono: successfully reloaded assembly
- Completed reload, in  1.652 seconds
Platform modules already initialized, skipping
Registering precompiled user dll's ...
Registered in 0.000382 seconds.
Begin MonoManager ReloadAssembly
Native extension for OSXStandalone target not found
Native extension for WebGL target not found
Refreshing native plugins compatible for Editor in 0.23 ms, found 1 plugins.
Preloading 0 native plugins for Editor in 0.00 ms.
Invoked RoslynAnalysisRunner static constructor.
RoslynAnalysisRunner will not be running.
RoslynAnalysisRunner has terminated.
Mono: successfully reloaded assembly
- Completed reload, in  1.084 seconds
Platform modules already initialized, skipping
========================================================================
Worker process is ready to serve import requests
Launching external process: /Applications/Unity/Hub/Editor/2020.3.0f1/Unity.app/Contents/Tools/UnityShaderCompiler
Launched and connected shader compiler UnityShaderCompiler after 0.01 seconds
Refreshing native plugins compatible for Editor in 0.22 ms, found 1 plugins.
Preloading 0 native plugins for Editor in 0.00 ms.
Unloading 1113 Unused Serialized files (Serialized files now loaded: 0)
System memory in use before: 108.2 MB.
System memory in use after: 108.2 MB.

Unloading 10 unused Assets to reduce memory usage. Loaded Objects now: 1555.
Total: 2.788514 ms (FindLiveObjects: 0.337816 ms CreateObjectMapping: 0.080741 ms MarkObjects: 2.278280 ms  DeleteObjects: 0.089682 ms)

========================================================================
Received Import Request.
  path: Assets/New Folder
  artifactKey: Guid(8da7b2a93b886424a8b832513b46fe2a) Importer(815301076,1909f56bfc062723c751e8b465ee728b)
Start importing Assets/New Folder using Guid(8da7b2a93b886424a8b832513b46fe2a) Importer(815301076,1909f56bfc062723c751e8b465ee728b)  -> (artifact id: '0222f428bf5d63ae606cfb34887a68b1') in 0.004883 seconds
  Import took 0.007006 seconds .

========================================================================
Received Import Request.
  Time since last request: 31.863953 seconds.
  path: Assets/Materials
  artifactKey: Guid(8d7152c597ae6417a9f085eb611d514b) Importer(815301076,1909f56bfc062723c751e8b465ee728b)
Start importing Assets/Materials using Guid(8d7152c597ae6417a9f085eb611d514b) Importer(815301076,1909f56bfc062723c751e8b465ee728b)  -> (artifact id: '1de1ced778e1fcb9e92ce3137cdb32ba') in 0.001909 seconds
  Import took 0.004273 seconds .

========================================================================
Received Import Request.
  Time since last request: 24.436464 seconds.
  path: Assets/Materials/Black Material.mat
  artifactKey: Guid(6e2460d35eb83418b8211b45a951421c) Importer(815301076,1909f56bfc062723c751e8b465ee728b)
Start importing Assets/Materials/Black Material.mat using Guid(6e2460d35eb83418b8211b45a951421c) Importer(815301076,1909f56bfc062723c751e8b465ee728b)  -> (artifact id: 'f84b2bdcf71502f9f8e8c3b937df5dac') in 1.187772 seconds
  Import took 1.190801 seconds .

========================================================================
Received Prepare
Registering precompiled user dll's ...
Registered in 0.000382 seconds.
Begin MonoManager ReloadAssembly
Native extension for OSXStandalone target not found
Native extension for WebGL target not found
Refreshing native plugins compatible for Editor in 0.24 ms, found 1 plugins.
Preloading 0 native plugins for Editor in 0.00 ms.
Invoked RoslynAnalysisRunner static constructor.
RoslynAnalysisRunner will not be running.
RoslynAnalysisRunner has terminated.
Mono: successfully reloaded assembly
- Completed reload, in  1.089 seconds
Platform modules already initialized, skipping
Refreshing native plugins compatible for Editor in 0.47 ms, found 1 plugins.
Preloading 0 native plugins for Editor in 0.00 ms.
Unloading 1109 Unused Serialized files (Serialized files now loaded: 0)
System memory in use before: 116.5 MB.
System memory in use after: 116.6 MB.

Unloading 5 unused Assets to reduce memory usage. Loaded Objects now: 1599.
Total: 4.126277 ms (FindLiveObjects: 0.266435 ms CreateObjectMapping: 0.040572 ms MarkObjects: 3.751081 ms  DeleteObjects: 0.066487 ms)

========================================================================
Received Import Request.
  Time since last request: 517.980871 seconds.
  path: Assets/Scripts
  artifactKey: Guid(0274d090aea7f45dcbca52da411bad6b) Importer(815301076,1909f56bfc062723c751e8b465ee728b)
Start importing Assets/Scripts using Guid(0274d090aea7f45dcbca52da411bad6b) Importer(815301076,1909f56bfc062723c751e8b465ee728b)  -> (artifact id: 'ed6262bd419e83a96bb7573648bc4b59') in 0.005302 seconds
  Import took 0.008933 seconds .

========================================================================
Received Import Request.
  Time since last request: 1.907011 seconds.
  path: Assets/PaddleScript.cs
  artifactKey: Guid(3aa38e1c2fc7e42958fb5695cfcbdd58) Importer(815301076,1909f56bfc062723c751e8b465ee728b)
Start importing Assets/PaddleScript.cs using Guid(3aa38e1c2fc7e42958fb5695cfcbdd58) Importer(815301076,1909f56bfc062723c751e8b465ee728b)  -> (artifact id: '3021b56d45a84492e5ca4f52acebe8f5') in 0.361225 seconds
  Import took 0.363818 seconds .

========================================================================
Received Prepare
Registering precompiled user dll's ...
Registered in 0.000394 seconds.
Begin MonoManager ReloadAssembly
Native extension for OSXStandalone target not found
Native extension for WebGL target not found
Refreshing native plugins compatible for Editor in 0.47 ms, found 1 plugins.
Preloading 0 native plugins for Editor in 0.00 ms.
Invoked RoslynAnalysisRunner static constructor.
RoslynAnalysisRunner will not be running.
RoslynAnalysisRunner has terminated.
Mono: successfully reloaded assembly
- Completed reload, in  1.039 seconds
Platform modules already initialized, skipping
Refreshing native plugins compatible for Editor in 0.34 ms, found 1 plugins.
Preloading 0 native plugins for Editor in 0.00 ms.
Unloading 1109 Unused Serialized files (Serialized files now loaded: 0)
System memory in use before: 121.0 MB.
System memory in use after: 121.1 MB.

Unloading 5 unused Assets to reduce memory usage. Loaded Objects now: 1602.
Total: 2.519918 ms (FindLiveObjects: 0.231258 ms CreateObjectMapping: 0.064755 ms MarkObjects: 2.162361 ms  DeleteObjects: 0.059541 ms)

========================================================================
Received Prepare
Registering precompiled user dll's ...
Registered in 0.000746 seconds.
Begin MonoManager ReloadAssembly
Native extension for OSXStandalone target not found
Native extension for WebGL target not found
Refreshing native plugins compatible for Editor in 0.24 ms, found 1 plugins.
Preloading 0 native plugins for Editor in 0.00 ms.
Invoked RoslynAnalysisRunner static constructor.
RoslynAnalysisRunner will not be running.
RoslynAnalysisRunner has terminated.
Mono: successfully reloaded assembly
- Completed reload, in  1.039 seconds
Platform modules already initialized, skipping
Refreshing native plugins compatible for Editor in 0.32 ms, found 1 plugins.
Preloading 0 native plugins for Editor in 0.00 ms.
Unloading 1109 Unused Serialized files (Serialized files now loaded: 0)
System memory in use before: 121.2 MB.
System memory in use after: 121.3 MB.

Unloading 5 unused Assets to reduce memory usage. Loaded Objects now: 1605.
Total: 2.222843 ms (FindLiveObjects: 0.252066 ms CreateObjectMapping: 0.051263 ms MarkObjects: 1.866736 ms  DeleteObjects: 0.049418 ms)

========================================================================
Received Prepare
Registering precompiled user dll's ...
Registered in 0.000866 seconds.
Begin MonoManager ReloadAssembly
Native extension for OSXStandalone target not found
Native extension for WebGL target not found
Refreshing native plugins compatible for Editor in 0.24 ms, found 1 plugins.
Preloading 0 native plugins for Editor in 0.00 ms.
Invoked RoslynAnalysisRunner static constructor.
RoslynAnalysisRunner will not be running.
RoslynAnalysisRunner has terminated.
Mono: successfully reloaded assembly
- Completed reload, in  1.112 seconds
Platform modules already initialized, skipping
Refreshing native plugins compatible for Editor in 0.34 ms, found 1 plugins.
Preloading 0 native plugins for Editor in 0.00 ms.
Unloading 1109 Unused Serialized files (Serialized files now loaded: 0)
System memory in use before: 121.4 MB.
System memory in use after: 121.5 MB.

Unloading 5 unused Assets to reduce memory usage. Loaded Objects now: 1608.
Total: 2.136547 ms (FindLiveObjects: 0.260740 ms CreateObjectMapping: 0.184330 ms MarkObjects: 1.637261 ms  DeleteObjects: 0.052641 ms)

========================================================================
Received Prepare
Registering precompiled user dll's ...
Registered in 0.000418 seconds.
Begin MonoManager ReloadAssembly
Native extension for OSXStandalone target not found
Native extension for WebGL target not found
Refreshing native plugins compatible for Editor in 0.25 ms, found 1 plugins.
Preloading 0 native plugins for Editor in 0.00 ms.
Invoked RoslynAnalysisRunner static constructor.
RoslynAnalysisRunner will not be running.
RoslynAnalysisRunner has terminated.
Mono: successfully reloaded assembly
- Completed reload, in  1.175 seconds
Platform modules already initialized, skipping
Refreshing native plugins compatible for Editor in 0.27 ms, found 1 plugins.
Preloading 0 native plugins for Editor in 0.00 ms.
Unloading 1109 Unused Serialized files (Serialized files now loaded: 0)
System memory in use before: 121.7 MB.
System memory in use after: 121.7 MB.

Unloading 5 unused Assets to reduce memory usage. Loaded Objects now: 1611.
Total: 1.982216 ms (FindLiveObjects: 0.281763 ms CreateObjectMapping: 0.035636 ms MarkObjects: 1.611403 ms  DeleteObjects: 0.052067 ms)

========================================================================
Received Prepare
Registering precompiled user dll's ...
Registered in 0.001483 seconds.
Begin MonoManager ReloadAssembly
Native extension for OSXStandalone target not found
Native extension for WebGL target not found
Refreshing native plugins compatible for Editor in 0.24 ms, found 1 plugins.
Preloading 0 native plugins for Editor in 0.00 ms.
Invoked RoslynAnalysisRunner static constructor.
RoslynAnalysisRunner will not be running.
RoslynAnalysisRunner has terminated.
Mono: successfully reloaded assembly
- Completed reload, in  1.079 seconds
Platform modules already initialized, skipping
Refreshing native plugins compatible for Editor in 0.26 ms, found 1 plugins.
Preloading 0 native plugins for Editor in 0.00 ms.
Unloading 1109 Unused Serialized files (Serialized files now loaded: 0)
System memory in use before: 121.9 MB.
System memory in use after: 122.0 MB.

Unloading 5 unused Assets to reduce memory usage. Loaded Objects now: 1614.
Total: 1.909199 ms (FindLiveObjects: 0.203905 ms CreateObjectMapping: 0.045719 ms MarkObjects: 1.570141 ms  DeleteObjects: 0.086248 ms)

